Started by user [8mha:AAAAlh+LCAAAAAAAAABb85aBtbiIQTGjNKU4P08vOT+vOD8nVc83PyU1x6OyILUoJzMv2y+/JJUBAhiZGBgqihhk0NSjKDWzXb3RdlLBUSYGJk8GtpzUvPSSDB8G5tKinBIGIZ+sxLJE/ZzEvHT94JKizLx0a6BxUmjGOUNodHsLgAzOEgYu/dLi1CL9vNKcHACFIKlWvwAAAA==[0manonymous
Building in workspace /home/timoxino/Development/github/Chronology/misc/twitter/work/workspace/Test1
Checkout:Test1 / /home/timoxino/Development/github/Chronology/misc/twitter/work/workspace/Test1 - hudson.remoting.LocalChannel@1cb3a963
Using strategy: Default
Last Built Revision: Revision d8b78365c486c138c31bb3867ce91d01687eb96f (origin/master)
Fetching changes from 1 remote Git repository
Fetching upstream changes from origin
Commencing build of Revision d8b78365c486c138c31bb3867ce91d01687eb96f (origin/master)
Checking out Revision d8b78365c486c138c31bb3867ce91d01687eb96f (origin/master)
[Test1] $ /home/timoxino/Development/github/Chronology/misc/twitter/work/tools/hudson.tasks.Maven_MavenInstallation/Maven_3.0.4/bin/mvn clean package cobertura:cobertura checkstyle:checkstyle findbugs:findbugs
[INFO] Scanning for projects...
[INFO] ------------------------------------------------------------------------
[INFO] Reactor Build Order:
[INFO] 
[INFO] gameoflife
[INFO] gameoflife-build
[INFO] gameoflife-core
[INFO] gameoflife-webservice
[INFO] gameoflife-web
[INFO] gameoflife-cli
[INFO]                                                                         
[INFO] ------------------------------------------------------------------------
[INFO] Building gameoflife 0.9.65-SNAPSHOT
[INFO] ------------------------------------------------------------------------
[INFO] 
[8mha:AAAAYB+LCAAAAAAAAABb85aBtbiIQSmjNKU4P0+vJLE4u1gvPjexLDVPzxdEGvvmZ+X75ZekLlOVfvTjc8FPJgaGiiIGKaiG5Py84vycVD1nCA1SyAABjCCFBQCV27OjYAAAAA==[0m[INFO] --- maven-clean-plugin:2.4.1:clean (default-clean) @ gameoflife ---
[INFO] 
[INFO] >>> cobertura-maven-plugin:2.5.2:cobertura (default-cli) @ gameoflife >>>
[INFO] 
[8mha:AAAAYB+LCAAAAAAAAABb85aBtbiIQSmjNKU4P0+vJLE4u1gvPjexLDVPzxdEGvvmZ+X75ZekLlOVfvTjc8FPJgaGiiIGKaiG5Py84vycVD1nCA1SyAABjCCFBQCV27OjYAAAAA==[0m[INFO] --- cobertura-maven-plugin:2.5.2:instrument (default-cli) @ gameoflife ---
[INFO] Skipping cobertura mojo for project with packaging type 'pom'
[INFO] 
[INFO] <<< cobertura-maven-plugin:2.5.2:cobertura (default-cli) @ gameoflife <<<
[INFO] 
[8mha:AAAAYB+LCAAAAAAAAABb85aBtbiIQSmjNKU4P0+vJLE4u1gvPjexLDVPzxdEGvvmZ+X75ZekLlOVfvTjc8FPJgaGiiIGKaiG5Py84vycVD1nCA1SyAABjCCFBQCV27OjYAAAAA==[0m[INFO] --- cobertura-maven-plugin:2.5.2:cobertura (default-cli) @ gameoflife ---
[INFO] 
[8mha:AAAAYB+LCAAAAAAAAABb85aBtbiIQSmjNKU4P0+vJLE4u1gvPjexLDVPzxdEGvvmZ+X75ZekLlOVfvTjc8FPJgaGiiIGKaiG5Py84vycVD1nCA1SyAABjCCFBQCV27OjYAAAAA==[0m[INFO] --- maven-checkstyle-plugin:2.10:checkstyle (default-cli) @ gameoflife ---
[INFO] 
[8mha:AAAAYB+LCAAAAAAAAABb85aBtbiIQSmjNKU4P0+vJLE4u1gvPjexLDVPzxdEGvvmZ+X75ZekLlOVfvTjc8FPJgaGiiIGKaiG5Py84vycVD1nCA1SyAABjCCFBQCV27OjYAAAAA==[0m[INFO] --- findbugs-maven-plugin:2.5.2:findbugs (default-cli) @ gameoflife ---
[INFO]                                                                         
[INFO] ------------------------------------------------------------------------
[INFO] Building gameoflife-build 0.9.65-SNAPSHOT
[INFO] ------------------------------------------------------------------------
[INFO] 
[8mha:AAAAYB+LCAAAAAAAAABb85aBtbiIQSmjNKU4P0+vJLE4u1gvPjexLDVPzxdEGvvmZ+X75ZekLlOVfvTjc8FPJgaGiiIGKaiG5Py84vycVD1nCA1SyAABjCCFBQCV27OjYAAAAA==[0m[INFO] --- maven-clean-plugin:2.4.1:clean (default-clean) @ gameoflife-build ---
[INFO] Deleting /home/timoxino/Development/github/Chronology/misc/twitter/work/workspace/Test1/gameoflife-build/target
[INFO] 
[8mha:AAAAYB+LCAAAAAAAAABb85aBtbiIQSmjNKU4P0+vJLE4u1gvPjexLDVPzxdEGvvmZ+X75ZekLlOVfvTjc8FPJgaGiiIGKaiG5Py84vycVD1nCA1SyAABjCCFBQCV27OjYAAAAA==[0m[INFO] --- maven-resources-plugin:2.5:resources (default-resources) @ gameoflife-build ---
[debug] execute contextualize
[INFO] Using 'UTF-8' encoding to copy filtered resources.
[INFO] Copying 2 resources
[INFO] 
[8mha:AAAAYB+LCAAAAAAAAABb85aBtbiIQSmjNKU4P0+vJLE4u1gvPjexLDVPzxdEGvvmZ+X75ZekLlOVfvTjc8FPJgaGiiIGKaiG5Py84vycVD1nCA1SyAABjCCFBQCV27OjYAAAAA==[0m[INFO] --- maven-compiler-plugin:2.4:compile (default-compile) @ gameoflife-build ---
[INFO] No sources to compile
[INFO] 
[8mha:AAAAYB+LCAAAAAAAAABb85aBtbiIQSmjNKU4P0+vJLE4u1gvPjexLDVPzxdEGvvmZ+X75ZekLlOVfvTjc8FPJgaGiiIGKaiG5Py84vycVD1nCA1SyAABjCCFBQCV27OjYAAAAA==[0m[INFO] --- maven-resources-plugin:2.5:testResources (default-testResources) @ gameoflife-build ---
[debug] execute contextualize
[INFO] Using 'UTF-8' encoding to copy filtered resources.
[INFO] skip non existing resourceDirectory /home/timoxino/Development/github/Chronology/misc/twitter/work/workspace/Test1/gameoflife-build/src/test/resources
[INFO] 
[8mha:AAAAYB+LCAAAAAAAAABb85aBtbiIQSmjNKU4P0+vJLE4u1gvPjexLDVPzxdEGvvmZ+X75ZekLlOVfvTjc8FPJgaGiiIGKaiG5Py84vycVD1nCA1SyAABjCCFBQCV27OjYAAAAA==[0m[INFO] --- maven-compiler-plugin:2.4:testCompile (default-testCompile) @ gameoflife-build ---
[INFO] No sources to compile
[INFO] 
[8mha:AAAAYB+LCAAAAAAAAABb85aBtbiIQSmjNKU4P0+vJLE4u1gvPjexLDVPzxdEGvvmZ+X75ZekLlOVfvTjc8FPJgaGiiIGKaiG5Py84vycVD1nCA1SyAABjCCFBQCV27OjYAAAAA==[0m[INFO] --- maven-surefire-plugin:2.10:test (default-test) @ gameoflife-build ---
[INFO] No tests to run.
[INFO] Surefire report directory: /home/timoxino/Development/github/Chronology/misc/twitter/work/workspace/Test1/gameoflife-build/target/surefire-reports

-------------------------------------------------------
 T E S T S
-------------------------------------------------------
Concurrency config is parallel='classes', perCoreThreadCount=true, threadCount=4, useUnlimitedThreads=false

Results :

Tests run: 0, Failures: 0, Errors: 0, Skipped: 0

[INFO] 
[8mha:AAAAYB+LCAAAAAAAAABb85aBtbiIQSmjNKU4P0+vJLE4u1gvPjexLDVPzxdEGvvmZ+X75ZekLlOVfvTjc8FPJgaGiiIGKaiG5Py84vycVD1nCA1SyAABjCCFBQCV27OjYAAAAA==[0m[INFO] --- maven-jar-plugin:2.3.2:jar (default-jar) @ gameoflife-build ---
[INFO] Building jar: /home/timoxino/Development/github/Chronology/misc/twitter/work/workspace/Test1/gameoflife-build/target/gameoflife-build-0.9.65-SNAPSHOT.jar
[INFO] 
[INFO] >>> cobertura-maven-plugin:2.5.2:cobertura (default-cli) @ gameoflife-build >>>
[INFO] 
[8mha:AAAAYB+LCAAAAAAAAABb85aBtbiIQSmjNKU4P0+vJLE4u1gvPjexLDVPzxdEGvvmZ+X75ZekLlOVfvTjc8FPJgaGiiIGKaiG5Py84vycVD1nCA1SyAABjCCFBQCV27OjYAAAAA==[0m[INFO] --- maven-resources-plugin:2.5:resources (default-resources) @ gameoflife-build ---
[debug] execute contextualize
[INFO] Using 'UTF-8' encoding to copy filtered resources.
[INFO] Copying 2 resources
[INFO] 
[8mha:AAAAYB+LCAAAAAAAAABb85aBtbiIQSmjNKU4P0+vJLE4u1gvPjexLDVPzxdEGvvmZ+X75ZekLlOVfvTjc8FPJgaGiiIGKaiG5Py84vycVD1nCA1SyAABjCCFBQCV27OjYAAAAA==[0m[INFO] --- maven-compiler-plugin:2.4:compile (default-compile) @ gameoflife-build ---
[INFO] No sources to compile
[INFO] 
[8mha:AAAAYB+LCAAAAAAAAABb85aBtbiIQSmjNKU4P0+vJLE4u1gvPjexLDVPzxdEGvvmZ+X75ZekLlOVfvTjc8FPJgaGiiIGKaiG5Py84vycVD1nCA1SyAABjCCFBQCV27OjYAAAAA==[0m[INFO] --- cobertura-maven-plugin:2.5.2:instrument (default-cli) @ gameoflife-build ---
[8mha:AAAAYx+LCAAAAAAAAABb85aBtbiIQSWjNKU4P0+vJLE4u1gvPjexLDVPzxdEhicW5WXmpfvll6S2fNly5fzGzauYGBgqihikoFqS8/OK83NS9ZwhNEghAwQwghQWAACwxA+XYgAAAA==[0m[WARNING] No files to instrument.
[INFO] NOT adding cobertura ser file to attached artifacts list.
[INFO] 
[8mha:AAAAYB+LCAAAAAAAAABb85aBtbiIQSmjNKU4P0+vJLE4u1gvPjexLDVPzxdEGvvmZ+X75ZekLlOVfvTjc8FPJgaGiiIGKaiG5Py84vycVD1nCA1SyAABjCCFBQCV27OjYAAAAA==[0m[INFO] --- maven-resources-plugin:2.5:testResources (default-testResources) @ gameoflife-build ---
[debug] execute contextualize
[INFO] Using 'UTF-8' encoding to copy filtered resources.
[INFO] skip non existing resourceDirectory /home/timoxino/Development/github/Chronology/misc/twitter/work/workspace/Test1/gameoflife-build/src/test/resources
[INFO] 
[8mha:AAAAYB+LCAAAAAAAAABb85aBtbiIQSmjNKU4P0+vJLE4u1gvPjexLDVPzxdEGvvmZ+X75ZekLlOVfvTjc8FPJgaGiiIGKaiG5Py84vycVD1nCA1SyAABjCCFBQCV27OjYAAAAA==[0m[INFO] --- maven-compiler-plugin:2.4:testCompile (default-testCompile) @ gameoflife-build ---
[INFO] No sources to compile
[INFO] 
[8mha:AAAAYB+LCAAAAAAAAABb85aBtbiIQSmjNKU4P0+vJLE4u1gvPjexLDVPzxdEGvvmZ+X75ZekLlOVfvTjc8FPJgaGiiIGKaiG5Py84vycVD1nCA1SyAABjCCFBQCV27OjYAAAAA==[0m[INFO] --- maven-surefire-plugin:2.10:test (default-test) @ gameoflife-build ---
[INFO] No tests to run.
[INFO] Surefire report directory: /home/timoxino/Development/github/Chronology/misc/twitter/work/workspace/Test1/gameoflife-build/target/surefire-reports

-------------------------------------------------------
 T E S T S
-------------------------------------------------------
Concurrency config is parallel='classes', perCoreThreadCount=true, threadCount=4, useUnlimitedThreads=false

Results :

Tests run: 0, Failures: 0, Errors: 0, Skipped: 0

[INFO] 
[INFO] <<< cobertura-maven-plugin:2.5.2:cobertura (default-cli) @ gameoflife-build <<<
[INFO] 
[8mha:AAAAYB+LCAAAAAAAAABb85aBtbiIQSmjNKU4P0+vJLE4u1gvPjexLDVPzxdEGvvmZ+X75ZekLlOVfvTjc8FPJgaGiiIGKaiG5Py84vycVD1nCA1SyAABjCCFBQCV27OjYAAAAA==[0m[INFO] --- cobertura-maven-plugin:2.5.2:cobertura (default-cli) @ gameoflife-build ---
[INFO] 
[8mha:AAAAYB+LCAAAAAAAAABb85aBtbiIQSmjNKU4P0+vJLE4u1gvPjexLDVPzxdEGvvmZ+X75ZekLlOVfvTjc8FPJgaGiiIGKaiG5Py84vycVD1nCA1SyAABjCCFBQCV27OjYAAAAA==[0m[INFO] --- maven-checkstyle-plugin:2.10:checkstyle (default-cli) @ gameoflife-build ---
[INFO] 
[8mha:AAAAYB+LCAAAAAAAAABb85aBtbiIQSmjNKU4P0+vJLE4u1gvPjexLDVPzxdEGvvmZ+X75ZekLlOVfvTjc8FPJgaGiiIGKaiG5Py84vycVD1nCA1SyAABjCCFBQCV27OjYAAAAA==[0m[INFO] --- findbugs-maven-plugin:2.5.2:findbugs (default-cli) @ gameoflife-build ---
[INFO]                                                                         
[INFO] ------------------------------------------------------------------------
[INFO] Building gameoflife-core 0.9.65-SNAPSHOT
[INFO] ------------------------------------------------------------------------
[INFO] 
[8mha:AAAAYB+LCAAAAAAAAABb85aBtbiIQSmjNKU4P0+vJLE4u1gvPjexLDVPzxdEGvvmZ+X75ZekLlOVfvTjc8FPJgaGiiIGKaiG5Py84vycVD1nCA1SyAABjCCFBQCV27OjYAAAAA==[0m[INFO] --- maven-clean-plugin:2.4.1:clean (default-clean) @ gameoflife-core ---
[INFO] Deleting /home/timoxino/Development/github/Chronology/misc/twitter/work/workspace/Test1/gameoflife-core/target
[INFO] 
[8mha:AAAAYB+LCAAAAAAAAABb85aBtbiIQSmjNKU4P0+vJLE4u1gvPjexLDVPzxdEGvvmZ+X75ZekLlOVfvTjc8FPJgaGiiIGKaiG5Py84vycVD1nCA1SyAABjCCFBQCV27OjYAAAAA==[0m[INFO] --- maven-resources-plugin:2.5:resources (default-resources) @ gameoflife-core ---
[debug] execute contextualize
[INFO] Using 'UTF-8' encoding to copy filtered resources.
[INFO] skip non existing resourceDirectory /home/timoxino/Development/github/Chronology/misc/twitter/work/workspace/Test1/gameoflife-core/src/main/resources
[INFO] 
[8mha:AAAAYB+LCAAAAAAAAABb85aBtbiIQSmjNKU4P0+vJLE4u1gvPjexLDVPzxdEGvvmZ+X75ZekLlOVfvTjc8FPJgaGiiIGKaiG5Py84vycVD1nCA1SyAABjCCFBQCV27OjYAAAAA==[0m[INFO] --- maven-compiler-plugin:2.4:compile (default-compile) @ gameoflife-core ---
[INFO] Compiling 5 source files to /home/timoxino/Development/github/Chronology/misc/twitter/work/workspace/Test1/gameoflife-core/target/classes
[INFO] 
[8mha:AAAAYB+LCAAAAAAAAABb85aBtbiIQSmjNKU4P0+vJLE4u1gvPjexLDVPzxdEGvvmZ+X75ZekLlOVfvTjc8FPJgaGiiIGKaiG5Py84vycVD1nCA1SyAABjCCFBQCV27OjYAAAAA==[0m[INFO] --- maven-resources-plugin:2.5:testResources (default-testResources) @ gameoflife-core ---
[debug] execute contextualize
[INFO] Using 'UTF-8' encoding to copy filtered resources.
[INFO] skip non existing resourceDirectory /home/timoxino/Development/github/Chronology/misc/twitter/work/workspace/Test1/gameoflife-core/src/test/resources
[INFO] 
[8mha:AAAAYB+LCAAAAAAAAABb85aBtbiIQSmjNKU4P0+vJLE4u1gvPjexLDVPzxdEGvvmZ+X75ZekLlOVfvTjc8FPJgaGiiIGKaiG5Py84vycVD1nCA1SyAABjCCFBQCV27OjYAAAAA==[0m[INFO] --- maven-compiler-plugin:2.4:testCompile (default-testCompile) @ gameoflife-core ---
[INFO] Compiling 9 source files to /home/timoxino/Development/github/Chronology/misc/twitter/work/workspace/Test1/gameoflife-core/target/test-classes
[INFO] 
[8mha:AAAAYB+LCAAAAAAAAABb85aBtbiIQSmjNKU4P0+vJLE4u1gvPjexLDVPzxdEGvvmZ+X75ZekLlOVfvTjc8FPJgaGiiIGKaiG5Py84vycVD1nCA1SyAABjCCFBQCV27OjYAAAAA==[0m[INFO] --- maven-surefire-plugin:2.10:test (default-test) @ gameoflife-core ---
[INFO] Surefire report directory: /home/timoxino/Development/github/Chronology/misc/twitter/work/workspace/Test1/gameoflife-core/target/surefire-reports

-------------------------------------------------------
 T E S T S
-------------------------------------------------------
Concurrency config is parallel='classes', perCoreThreadCount=true, threadCount=4, useUnlimitedThreads=false
Running com.wakaleo.gameoflife.domain.WhenYouPrintAGrid
Tests run: 3, Failures: 0, Errors: 0, Skipped: 0, Time elapsed: 0.005 sec
Running com.wakaleo.gameoflife.domain.WhenYouReadAGridFromAString
Tests run: 8, Failures: 0, Errors: 0, Skipped: 0, Time elapsed: 0.015 sec
Running com.wakaleo.gameoflife.domain.WhenYouCreateANewUniverse
Tests run: 11, Failures: 0, Errors: 0, Skipped: 0, Time elapsed: 0.041 sec
Running com.wakaleo.gameoflife.domain.WhenYouPlayTheGameOfLife
Tests run: 5, Failures: 0, Errors: 0, Skipped: 0, Time elapsed: 0.019 sec
Running com.wakaleo.gameoflife.domain.WhenYouCreateACell
Tests run: 6, Failures: 0, Errors: 0, Skipped: 0, Time elapsed: 0.042 sec
Running com.wakaleo.gameoflife.domain.WhenYouCreateAGrid
Tests run: 16, Failures: 0, Errors: 0, Skipped: 0, Time elapsed: 0.054 sec

Results :

Tests run: 49, Failures: 0, Errors: 0, Skipped: 0

[INFO] 
[8mha:AAAAYB+LCAAAAAAAAABb85aBtbiIQSmjNKU4P0+vJLE4u1gvPjexLDVPzxdEGvvmZ+X75ZekLlOVfvTjc8FPJgaGiiIGKaiG5Py84vycVD1nCA1SyAABjCCFBQCV27OjYAAAAA==[0m[INFO] --- maven-jar-plugin:2.3.2:jar (default-jar) @ gameoflife-core ---
[INFO] Building jar: /home/timoxino/Development/github/Chronology/misc/twitter/work/workspace/Test1/gameoflife-core/target/gameoflife-core-0.9.65-SNAPSHOT.jar
[INFO] 
[INFO] >>> cobertura-maven-plugin:2.5.2:cobertura (default-cli) @ gameoflife-core >>>
[INFO] 
[8mha:AAAAYB+LCAAAAAAAAABb85aBtbiIQSmjNKU4P0+vJLE4u1gvPjexLDVPzxdEGvvmZ+X75ZekLlOVfvTjc8FPJgaGiiIGKaiG5Py84vycVD1nCA1SyAABjCCFBQCV27OjYAAAAA==[0m[INFO] --- maven-resources-plugin:2.5:resources (default-resources) @ gameoflife-core ---
[debug] execute contextualize
[INFO] Using 'UTF-8' encoding to copy filtered resources.
[INFO] skip non existing resourceDirectory /home/timoxino/Development/github/Chronology/misc/twitter/work/workspace/Test1/gameoflife-core/src/main/resources
[INFO] 
[8mha:AAAAYB+LCAAAAAAAAABb85aBtbiIQSmjNKU4P0+vJLE4u1gvPjexLDVPzxdEGvvmZ+X75ZekLlOVfvTjc8FPJgaGiiIGKaiG5Py84vycVD1nCA1SyAABjCCFBQCV27OjYAAAAA==[0m[INFO] --- maven-compiler-plugin:2.4:compile (default-compile) @ gameoflife-core ---
[INFO] Nothing to compile - all classes are up to date
[INFO] 
[8mha:AAAAYB+LCAAAAAAAAABb85aBtbiIQSmjNKU4P0+vJLE4u1gvPjexLDVPzxdEGvvmZ+X75ZekLlOVfvTjc8FPJgaGiiIGKaiG5Py84vycVD1nCA1SyAABjCCFBQCV27OjYAAAAA==[0m[INFO] --- cobertura-maven-plugin:2.5.2:instrument (default-cli) @ gameoflife-core ---
[INFO] Cobertura 1.9.4.1 - GNU GPL License (NO WARRANTY) - See COPYRIGHT file
Instrumenting 5 files to /home/timoxino/Development/github/Chronology/misc/twitter/work/workspace/Test1/gameoflife-core/target/generated-classes/cobertura
Cobertura: Saved information on 5 classes.
Instrument time: 320ms

[INFO] Instrumentation was successful.
[INFO] NOT adding cobertura ser file to attached artifacts list.
[INFO] 
[8mha:AAAAYB+LCAAAAAAAAABb85aBtbiIQSmjNKU4P0+vJLE4u1gvPjexLDVPzxdEGvvmZ+X75ZekLlOVfvTjc8FPJgaGiiIGKaiG5Py84vycVD1nCA1SyAABjCCFBQCV27OjYAAAAA==[0m[INFO] --- maven-resources-plugin:2.5:testResources (default-testResources) @ gameoflife-core ---
[debug] execute contextualize
[INFO] Using 'UTF-8' encoding to copy filtered resources.
[INFO] skip non existing resourceDirectory /home/timoxino/Development/github/Chronology/misc/twitter/work/workspace/Test1/gameoflife-core/src/test/resources
[INFO] 
[8mha:AAAAYB+LCAAAAAAAAABb85aBtbiIQSmjNKU4P0+vJLE4u1gvPjexLDVPzxdEGvvmZ+X75ZekLlOVfvTjc8FPJgaGiiIGKaiG5Py84vycVD1nCA1SyAABjCCFBQCV27OjYAAAAA==[0m[INFO] --- maven-compiler-plugin:2.4:testCompile (default-testCompile) @ gameoflife-core ---
[INFO] Nothing to compile - all classes are up to date
[INFO] 
[8mha:AAAAYB+LCAAAAAAAAABb85aBtbiIQSmjNKU4P0+vJLE4u1gvPjexLDVPzxdEGvvmZ+X75ZekLlOVfvTjc8FPJgaGiiIGKaiG5Py84vycVD1nCA1SyAABjCCFBQCV27OjYAAAAA==[0m[INFO] --- maven-surefire-plugin:2.10:test (default-test) @ gameoflife-core ---
[INFO] Surefire report directory: /home/timoxino/Development/github/Chronology/misc/twitter/work/workspace/Test1/gameoflife-core/target/surefire-reports

-------------------------------------------------------
 T E S T S
-------------------------------------------------------
Concurrency config is parallel='classes', perCoreThreadCount=true, threadCount=4, useUnlimitedThreads=false
Running com.wakaleo.gameoflife.domain.WhenYouPrintAGrid
Tests run: 3, Failures: 0, Errors: 0, Skipped: 0, Time elapsed: 0.098 sec
Running com.wakaleo.gameoflife.domain.WhenYouReadAGridFromAString
Tests run: 8, Failures: 0, Errors: 0, Skipped: 0, Time elapsed: 0.102 sec
Running com.wakaleo.gameoflife.domain.WhenYouCreateANewUniverse
Tests run: 11, Failures: 0, Errors: 0, Skipped: 0, Time elapsed: 0.134 sec
Running com.wakaleo.gameoflife.domain.WhenYouPlayTheGameOfLife
Tests run: 5, Failures: 0, Errors: 0, Skipped: 0, Time elapsed: 0.12 sec
Running com.wakaleo.gameoflife.domain.WhenYouCreateACell
Tests run: 6, Failures: 0, Errors: 0, Skipped: 0, Time elapsed: 0.036 sec
Running com.wakaleo.gameoflife.domain.WhenYouCreateAGrid
Tests run: 16, Failures: 0, Errors: 0, Skipped: 0, Time elapsed: 0.143 sec
Flushing results...
Flushing results done
Cobertura: Loaded information on 5 classes.
Cobertura: Saved information on 5 classes.

Results :

Tests run: 49, Failures: 0, Errors: 0, Skipped: 0

[INFO] 
[INFO] <<< cobertura-maven-plugin:2.5.2:cobertura (default-cli) @ gameoflife-core <<<
[INFO] 
[8mha:AAAAYB+LCAAAAAAAAABb85aBtbiIQSmjNKU4P0+vJLE4u1gvPjexLDVPzxdEGvvmZ+X75ZekLlOVfvTjc8FPJgaGiiIGKaiG5Py84vycVD1nCA1SyAABjCCFBQCV27OjYAAAAA==[0m[INFO] --- cobertura-maven-plugin:2.5.2:cobertura (default-cli) @ gameoflife-core ---
[INFO] Cobertura 1.9.4.1 - GNU GPL License (NO WARRANTY) - See COPYRIGHT file
Cobertura: Loaded information on 5 classes.
Report time: 355ms

[INFO] Cobertura Report generation was successful.
[INFO] Cobertura 1.9.4.1 - GNU GPL License (NO WARRANTY) - See COPYRIGHT file
Cobertura: Loaded information on 5 classes.
Report time: 265ms

[INFO] Cobertura Report generation was successful.
[INFO] 
[8mha:AAAAYB+LCAAAAAAAAABb85aBtbiIQSmjNKU4P0+vJLE4u1gvPjexLDVPzxdEGvvmZ+X75ZekLlOVfvTjc8FPJgaGiiIGKaiG5Py84vycVD1nCA1SyAABjCCFBQCV27OjYAAAAA==[0m[INFO] --- maven-checkstyle-plugin:2.10:checkstyle (default-cli) @ gameoflife-core ---
[INFO] 
[INFO] There are 76 checkstyle errors.
[INFO] 
[8mha:AAAAYB+LCAAAAAAAAABb85aBtbiIQSmjNKU4P0+vJLE4u1gvPjexLDVPzxdEGvvmZ+X75ZekLlOVfvTjc8FPJgaGiiIGKaiG5Py84vycVD1nCA1SyAABjCCFBQCV27OjYAAAAA==[0m[INFO] --- findbugs-maven-plugin:2.5.2:findbugs (default-cli) @ gameoflife-core ---
[INFO] Fork Value is true
[INFO] Done FindBugs Analysis....
[INFO]                                                                         
[INFO] ------------------------------------------------------------------------
[INFO] Building gameoflife-webservice 0.9.65-SNAPSHOT
[INFO] ------------------------------------------------------------------------
[INFO] 
[8mha:AAAAYB+LCAAAAAAAAABb85aBtbiIQSmjNKU4P0+vJLE4u1gvPjexLDVPzxdEGvvmZ+X75ZekLlOVfvTjc8FPJgaGiiIGKaiG5Py84vycVD1nCA1SyAABjCCFBQCV27OjYAAAAA==[0m[INFO] --- maven-clean-plugin:2.4.1:clean (default-clean) @ gameoflife-webservice ---
[INFO] Deleting /home/timoxino/Development/github/Chronology/misc/twitter/work/workspace/Test1/gameoflife-webservice/target
[INFO] 
[8mha:AAAAYB+LCAAAAAAAAABb85aBtbiIQSmjNKU4P0+vJLE4u1gvPjexLDVPzxdEGvvmZ+X75ZekLlOVfvTjc8FPJgaGiiIGKaiG5Py84vycVD1nCA1SyAABjCCFBQCV27OjYAAAAA==[0m[INFO] --- maven-resources-plugin:2.5:resources (default-resources) @ gameoflife-webservice ---
[debug] execute contextualize
[INFO] Using 'UTF-8' encoding to copy filtered resources.
[INFO] skip non existing resourceDirectory /home/timoxino/Development/github/Chronology/misc/twitter/work/workspace/Test1/gameoflife-webservice/src/main/resources
[INFO] 
[8mha:AAAAYB+LCAAAAAAAAABb85aBtbiIQSmjNKU4P0+vJLE4u1gvPjexLDVPzxdEGvvmZ+X75ZekLlOVfvTjc8FPJgaGiiIGKaiG5Py84vycVD1nCA1SyAABjCCFBQCV27OjYAAAAA==[0m[INFO] --- maven-compiler-plugin:2.4:compile (default-compile) @ gameoflife-webservice ---
[INFO] Nothing to compile - all classes are up to date
[INFO] 
[8mha:AAAAYB+LCAAAAAAAAABb85aBtbiIQSmjNKU4P0+vJLE4u1gvPjexLDVPzxdEGvvmZ+X75ZekLlOVfvTjc8FPJgaGiiIGKaiG5Py84vycVD1nCA1SyAABjCCFBQCV27OjYAAAAA==[0m[INFO] --- maven-resources-plugin:2.5:testResources (default-testResources) @ gameoflife-webservice ---
[debug] execute contextualize
[INFO] Using 'UTF-8' encoding to copy filtered resources.
[INFO] skip non existing resourceDirectory /home/timoxino/Development/github/Chronology/misc/twitter/work/workspace/Test1/gameoflife-webservice/src/test/resources
[INFO] 
[8mha:AAAAYB+LCAAAAAAAAABb85aBtbiIQSmjNKU4P0+vJLE4u1gvPjexLDVPzxdEGvvmZ+X75ZekLlOVfvTjc8FPJgaGiiIGKaiG5Py84vycVD1nCA1SyAABjCCFBQCV27OjYAAAAA==[0m[INFO] --- maven-compiler-plugin:2.4:testCompile (default-testCompile) @ gameoflife-webservice ---
[INFO] No sources to compile
[INFO] 
[8mha:AAAAYB+LCAAAAAAAAABb85aBtbiIQSmjNKU4P0+vJLE4u1gvPjexLDVPzxdEGvvmZ+X75ZekLlOVfvTjc8FPJgaGiiIGKaiG5Py84vycVD1nCA1SyAABjCCFBQCV27OjYAAAAA==[0m[INFO] --- maven-surefire-plugin:2.10:test (default-test) @ gameoflife-webservice ---
[INFO] No tests to run.
[INFO] Surefire report directory: /home/timoxino/Development/github/Chronology/misc/twitter/work/workspace/Test1/gameoflife-webservice/target/surefire-reports

-------------------------------------------------------
 T E S T S
-------------------------------------------------------
Concurrency config is parallel='classes', perCoreThreadCount=true, threadCount=4, useUnlimitedThreads=false

Results :

Tests run: 0, Failures: 0, Errors: 0, Skipped: 0

[INFO] 
[8mha:AAAAYB+LCAAAAAAAAABb85aBtbiIQSmjNKU4P0+vJLE4u1gvPjexLDVPzxdEGvvmZ+X75ZekLlOVfvTjc8FPJgaGiiIGKaiG5Py84vycVD1nCA1SyAABjCCFBQCV27OjYAAAAA==[0m[INFO] --- maven-jar-plugin:2.3.2:jar (default-jar) @ gameoflife-webservice ---
[8mha:AAAAYx+LCAAAAAAAAABb85aBtbiIQSWjNKU4P0+vJLE4u1gvPjexLDVPzxdEhicW5WXmpfvll6S2fNly5fzGzauYGBgqihikoFqS8/OK83NS9ZwhNEghAwQwghQWAACwxA+XYgAAAA==[0m[WARNING] JAR will be empty - no content was marked for inclusion!
[INFO] Building jar: /home/timoxino/Development/github/Chronology/misc/twitter/work/workspace/Test1/gameoflife-webservice/target/gameoflife-webservice-0.9.65-SNAPSHOT.jar
[INFO] 
[INFO] >>> cobertura-maven-plugin:2.5.2:cobertura (default-cli) @ gameoflife-webservice >>>
[INFO] 
[8mha:AAAAYB+LCAAAAAAAAABb85aBtbiIQSmjNKU4P0+vJLE4u1gvPjexLDVPzxdEGvvmZ+X75ZekLlOVfvTjc8FPJgaGiiIGKaiG5Py84vycVD1nCA1SyAABjCCFBQCV27OjYAAAAA==[0m[INFO] --- maven-resources-plugin:2.5:resources (default-resources) @ gameoflife-webservice ---
[debug] execute contextualize
[INFO] Using 'UTF-8' encoding to copy filtered resources.
[INFO] skip non existing resourceDirectory /home/timoxino/Development/github/Chronology/misc/twitter/work/workspace/Test1/gameoflife-webservice/src/main/resources
[INFO] 
[8mha:AAAAYB+LCAAAAAAAAABb85aBtbiIQSmjNKU4P0+vJLE4u1gvPjexLDVPzxdEGvvmZ+X75ZekLlOVfvTjc8FPJgaGiiIGKaiG5Py84vycVD1nCA1SyAABjCCFBQCV27OjYAAAAA==[0m[INFO] --- maven-compiler-plugin:2.4:compile (default-compile) @ gameoflife-webservice ---
[INFO] Nothing to compile - all classes are up to date
[INFO] 
[8mha:AAAAYB+LCAAAAAAAAABb85aBtbiIQSmjNKU4P0+vJLE4u1gvPjexLDVPzxdEGvvmZ+X75ZekLlOVfvTjc8FPJgaGiiIGKaiG5Py84vycVD1nCA1SyAABjCCFBQCV27OjYAAAAA==[0m[INFO] --- cobertura-maven-plugin:2.5.2:instrument (default-cli) @ gameoflife-webservice ---
[8mha:AAAAYx+LCAAAAAAAAABb85aBtbiIQSWjNKU4P0+vJLE4u1gvPjexLDVPzxdEhicW5WXmpfvll6S2fNly5fzGzauYGBgqihikoFqS8/OK83NS9ZwhNEghAwQwghQWAACwxA+XYgAAAA==[0m[WARNING] No files to instrument.
[INFO] NOT adding cobertura ser file to attached artifacts list.
[INFO] 
[8mha:AAAAYB+LCAAAAAAAAABb85aBtbiIQSmjNKU4P0+vJLE4u1gvPjexLDVPzxdEGvvmZ+X75ZekLlOVfvTjc8FPJgaGiiIGKaiG5Py84vycVD1nCA1SyAABjCCFBQCV27OjYAAAAA==[0m[INFO] --- maven-resources-plugin:2.5:testResources (default-testResources) @ gameoflife-webservice ---
[debug] execute contextualize
[INFO] Using 'UTF-8' encoding to copy filtered resources.
[INFO] skip non existing resourceDirectory /home/timoxino/Development/github/Chronology/misc/twitter/work/workspace/Test1/gameoflife-webservice/src/test/resources
[INFO] 
[8mha:AAAAYB+LCAAAAAAAAABb85aBtbiIQSmjNKU4P0+vJLE4u1gvPjexLDVPzxdEGvvmZ+X75ZekLlOVfvTjc8FPJgaGiiIGKaiG5Py84vycVD1nCA1SyAABjCCFBQCV27OjYAAAAA==[0m[INFO] --- maven-compiler-plugin:2.4:testCompile (default-testCompile) @ gameoflife-webservice ---
[INFO] No sources to compile
[INFO] 
[8mha:AAAAYB+LCAAAAAAAAABb85aBtbiIQSmjNKU4P0+vJLE4u1gvPjexLDVPzxdEGvvmZ+X75ZekLlOVfvTjc8FPJgaGiiIGKaiG5Py84vycVD1nCA1SyAABjCCFBQCV27OjYAAAAA==[0m[INFO] --- maven-surefire-plugin:2.10:test (default-test) @ gameoflife-webservice ---
[INFO] No tests to run.
[INFO] Surefire report directory: /home/timoxino/Development/github/Chronology/misc/twitter/work/workspace/Test1/gameoflife-webservice/target/surefire-reports

-------------------------------------------------------
 T E S T S
-------------------------------------------------------
Concurrency config is parallel='classes', perCoreThreadCount=true, threadCount=4, useUnlimitedThreads=false

Results :

Tests run: 0, Failures: 0, Errors: 0, Skipped: 0

[INFO] 
[INFO] <<< cobertura-maven-plugin:2.5.2:cobertura (default-cli) @ gameoflife-webservice <<<
[INFO] 
[8mha:AAAAYB+LCAAAAAAAAABb85aBtbiIQSmjNKU4P0+vJLE4u1gvPjexLDVPzxdEGvvmZ+X75ZekLlOVfvTjc8FPJgaGiiIGKaiG5Py84vycVD1nCA1SyAABjCCFBQCV27OjYAAAAA==[0m[INFO] --- cobertura-maven-plugin:2.5.2:cobertura (default-cli) @ gameoflife-webservice ---
[INFO] 
[8mha:AAAAYB+LCAAAAAAAAABb85aBtbiIQSmjNKU4P0+vJLE4u1gvPjexLDVPzxdEGvvmZ+X75ZekLlOVfvTjc8FPJgaGiiIGKaiG5Py84vycVD1nCA1SyAABjCCFBQCV27OjYAAAAA==[0m[INFO] --- maven-checkstyle-plugin:2.10:checkstyle (default-cli) @ gameoflife-webservice ---
[INFO] 
[INFO] 
[8mha:AAAAYB+LCAAAAAAAAABb85aBtbiIQSmjNKU4P0+vJLE4u1gvPjexLDVPzxdEGvvmZ+X75ZekLlOVfvTjc8FPJgaGiiIGKaiG5Py84vycVD1nCA1SyAABjCCFBQCV27OjYAAAAA==[0m[INFO] --- findbugs-maven-plugin:2.5.2:findbugs (default-cli) @ gameoflife-webservice ---
[INFO]                                                                         
[INFO] ------------------------------------------------------------------------
[INFO] Building gameoflife-web 0.9.65-SNAPSHOT
[INFO] ------------------------------------------------------------------------
[INFO] 
[8mha:AAAAYB+LCAAAAAAAAABb85aBtbiIQSmjNKU4P0+vJLE4u1gvPjexLDVPzxdEGvvmZ+X75ZekLlOVfvTjc8FPJgaGiiIGKaiG5Py84vycVD1nCA1SyAABjCCFBQCV27OjYAAAAA==[0m[INFO] --- maven-clean-plugin:2.4.1:clean (default-clean) @ gameoflife-web ---
[INFO] Deleting /home/timoxino/Development/github/Chronology/misc/twitter/work/workspace/Test1/gameoflife-web/target
[INFO] 
[8mha:AAAAYB+LCAAAAAAAAABb85aBtbiIQSmjNKU4P0+vJLE4u1gvPjexLDVPzxdEGvvmZ+X75ZekLlOVfvTjc8FPJgaGiiIGKaiG5Py84vycVD1nCA1SyAABjCCFBQCV27OjYAAAAA==[0m[INFO] --- maven-resources-plugin:2.5:resources (default-resources) @ gameoflife-web ---
[debug] execute contextualize
[INFO] Using 'UTF-8' encoding to copy filtered resources.
[INFO] Copying 1 resource
[INFO] 
[8mha:AAAAYB+LCAAAAAAAAABb85aBtbiIQSmjNKU4P0+vJLE4u1gvPjexLDVPzxdEGvvmZ+X75ZekLlOVfvTjc8FPJgaGiiIGKaiG5Py84vycVD1nCA1SyAABjCCFBQCV27OjYAAAAA==[0m[INFO] --- maven-compiler-plugin:2.4:compile (default-compile) @ gameoflife-web ---
[INFO] Compiling 2 source files to /home/timoxino/Development/github/Chronology/misc/twitter/work/workspace/Test1/gameoflife-web/target/classes
[INFO] 
[8mha:AAAAYB+LCAAAAAAAAABb85aBtbiIQSmjNKU4P0+vJLE4u1gvPjexLDVPzxdEGvvmZ+X75ZekLlOVfvTjc8FPJgaGiiIGKaiG5Py84vycVD1nCA1SyAABjCCFBQCV27OjYAAAAA==[0m[INFO] --- maven-resources-plugin:2.5:testResources (default-testResources) @ gameoflife-web ---
[debug] execute contextualize
[INFO] Using 'UTF-8' encoding to copy filtered resources.
[INFO] skip non existing resourceDirectory /home/timoxino/Development/github/Chronology/misc/twitter/work/workspace/Test1/gameoflife-web/src/test/resources
[INFO] 
[8mha:AAAAYB+LCAAAAAAAAABb85aBtbiIQSmjNKU4P0+vJLE4u1gvPjexLDVPzxdEGvvmZ+X75ZekLlOVfvTjc8FPJgaGiiIGKaiG5Py84vycVD1nCA1SyAABjCCFBQCV27OjYAAAAA==[0m[INFO] --- maven-compiler-plugin:2.4:testCompile (default-testCompile) @ gameoflife-web ---
[INFO] Compiling 3 source files to /home/timoxino/Development/github/Chronology/misc/twitter/work/workspace/Test1/gameoflife-web/target/test-classes
[INFO] 
[8mha:AAAAYB+LCAAAAAAAAABb85aBtbiIQSmjNKU4P0+vJLE4u1gvPjexLDVPzxdEGvvmZ+X75ZekLlOVfvTjc8FPJgaGiiIGKaiG5Py84vycVD1nCA1SyAABjCCFBQCV27OjYAAAAA==[0m[INFO] --- maven-surefire-plugin:2.9:test (default-test) @ gameoflife-web ---
[INFO] Surefire report directory: /home/timoxino/Development/github/Chronology/misc/twitter/work/workspace/Test1/gameoflife-web/target/surefire-reports

-------------------------------------------------------
 T E S T S
-------------------------------------------------------
Concurrency config is parallel='classes', perCoreThreadCount=true, threadCount=4, useUnlimitedThreads=false
Running com.wakaleo.gameoflife.webtests.controllers.WhenCreatingANewGame
Tests run: 3, Failures: 0, Errors: 0, Skipped: 0, Time elapsed: 0.645 sec
Running com.wakaleo.gameoflife.webtests.controllers.WhenSpawningANewGeneration
Tests run: 2, Failures: 0, Errors: 0, Skipped: 0, Time elapsed: 0.616 sec
Running com.wakaleo.gameoflife.webtests.controllers.WhenDisplayingTheHomePage
Tests run: 2, Failures: 0, Errors: 0, Skipped: 0, Time elapsed: 0.011 sec

Results :

Tests run: 7, Failures: 0, Errors: 0, Skipped: 0

[INFO] 
[8mha:AAAAYB+LCAAAAAAAAABb85aBtbiIQSmjNKU4P0+vJLE4u1gvPjexLDVPzxdEGvvmZ+X75ZekLlOVfvTjc8FPJgaGiiIGKaiG5Py84vycVD1nCA1SyAABjCCFBQCV27OjYAAAAA==[0m[INFO] --- maven-war-plugin:2.2:war (default-war) @ gameoflife-web ---
[INFO] Packaging webapp
[INFO] Assembling webapp [gameoflife-web] in [/home/timoxino/Development/github/Chronology/misc/twitter/work/workspace/Test1/gameoflife-web/target/gameoflife]
[INFO] Processing war project
[INFO] Copying webapp resources [/home/timoxino/Development/github/Chronology/misc/twitter/work/workspace/Test1/gameoflife-web/src/main/webapp]
[INFO] Webapp assembled in [340 msecs]
[INFO] Building war: /home/timoxino/Development/github/Chronology/misc/twitter/work/workspace/Test1/gameoflife-web/target/gameoflife.war
[INFO] WEB-INF/web.xml already added, skipping
[INFO] 
[INFO] >>> cobertura-maven-plugin:2.5.2:cobertura (default-cli) @ gameoflife-web >>>
[INFO] 
[8mha:AAAAYB+LCAAAAAAAAABb85aBtbiIQSmjNKU4P0+vJLE4u1gvPjexLDVPzxdEGvvmZ+X75ZekLlOVfvTjc8FPJgaGiiIGKaiG5Py84vycVD1nCA1SyAABjCCFBQCV27OjYAAAAA==[0m[INFO] --- maven-resources-plugin:2.5:resources (default-resources) @ gameoflife-web ---
[debug] execute contextualize
[INFO] Using 'UTF-8' encoding to copy filtered resources.
[INFO] Copying 1 resource
[INFO] 
[8mha:AAAAYB+LCAAAAAAAAABb85aBtbiIQSmjNKU4P0+vJLE4u1gvPjexLDVPzxdEGvvmZ+X75ZekLlOVfvTjc8FPJgaGiiIGKaiG5Py84vycVD1nCA1SyAABjCCFBQCV27OjYAAAAA==[0m[INFO] --- maven-compiler-plugin:2.4:compile (default-compile) @ gameoflife-web ---
[INFO] Nothing to compile - all classes are up to date
[INFO] 
[8mha:AAAAYB+LCAAAAAAAAABb85aBtbiIQSmjNKU4P0+vJLE4u1gvPjexLDVPzxdEGvvmZ+X75ZekLlOVfvTjc8FPJgaGiiIGKaiG5Py84vycVD1nCA1SyAABjCCFBQCV27OjYAAAAA==[0m[INFO] --- cobertura-maven-plugin:2.5.2:instrument (default-cli) @ gameoflife-web ---
[INFO] Cobertura 1.9.4.1 - GNU GPL License (NO WARRANTY) - See COPYRIGHT file
Instrumenting 2 files to /home/timoxino/Development/github/Chronology/misc/twitter/work/workspace/Test1/gameoflife-web/target/generated-classes/cobertura
Cobertura: Saved information on 2 classes.
Instrument time: 327ms

[INFO] Instrumentation was successful.
[INFO] NOT adding cobertura ser file to attached artifacts list.
[INFO] 
[8mha:AAAAYB+LCAAAAAAAAABb85aBtbiIQSmjNKU4P0+vJLE4u1gvPjexLDVPzxdEGvvmZ+X75ZekLlOVfvTjc8FPJgaGiiIGKaiG5Py84vycVD1nCA1SyAABjCCFBQCV27OjYAAAAA==[0m[INFO] --- maven-resources-plugin:2.5:testResources (default-testResources) @ gameoflife-web ---
[debug] execute contextualize
[INFO] Using 'UTF-8' encoding to copy filtered resources.
[INFO] skip non existing resourceDirectory /home/timoxino/Development/github/Chronology/misc/twitter/work/workspace/Test1/gameoflife-web/src/test/resources
[INFO] 
[8mha:AAAAYB+LCAAAAAAAAABb85aBtbiIQSmjNKU4P0+vJLE4u1gvPjexLDVPzxdEGvvmZ+X75ZekLlOVfvTjc8FPJgaGiiIGKaiG5Py84vycVD1nCA1SyAABjCCFBQCV27OjYAAAAA==[0m[INFO] --- maven-compiler-plugin:2.4:testCompile (default-testCompile) @ gameoflife-web ---
[INFO] Nothing to compile - all classes are up to date
[INFO] 
[8mha:AAAAYB+LCAAAAAAAAABb85aBtbiIQSmjNKU4P0+vJLE4u1gvPjexLDVPzxdEGvvmZ+X75ZekLlOVfvTjc8FPJgaGiiIGKaiG5Py84vycVD1nCA1SyAABjCCFBQCV27OjYAAAAA==[0m[INFO] --- maven-surefire-plugin:2.9:test (default-test) @ gameoflife-web ---
[INFO] Surefire report directory: /home/timoxino/Development/github/Chronology/misc/twitter/work/workspace/Test1/gameoflife-web/target/surefire-reports

-------------------------------------------------------
 T E S T S
-------------------------------------------------------
Concurrency config is parallel='classes', perCoreThreadCount=true, threadCount=4, useUnlimitedThreads=false
Running com.wakaleo.gameoflife.webtests.controllers.WhenCreatingANewGame
Tests run: 3, Failures: 0, Errors: 0, Skipped: 0, Time elapsed: 0.408 sec
Running com.wakaleo.gameoflife.webtests.controllers.WhenSpawningANewGeneration
Tests run: 2, Failures: 0, Errors: 0, Skipped: 0, Time elapsed: 0.37 sec
Running com.wakaleo.gameoflife.webtests.controllers.WhenDisplayingTheHomePage
Tests run: 2, Failures: 0, Errors: 0, Skipped: 0, Time elapsed: 0.019 sec
Flushing results...
Flushing results done
Cobertura: Loaded information on 2 classes.
Cobertura: Saved information on 2 classes.

Results :

Tests run: 7, Failures: 0, Errors: 0, Skipped: 0

[INFO] 
[INFO] <<< cobertura-maven-plugin:2.5.2:cobertura (default-cli) @ gameoflife-web <<<
[INFO] 
[8mha:AAAAYB+LCAAAAAAAAABb85aBtbiIQSmjNKU4P0+vJLE4u1gvPjexLDVPzxdEGvvmZ+X75ZekLlOVfvTjc8FPJgaGiiIGKaiG5Py84vycVD1nCA1SyAABjCCFBQCV27OjYAAAAA==[0m[INFO] --- cobertura-maven-plugin:2.5.2:cobertura (default-cli) @ gameoflife-web ---
[INFO] Cobertura 1.9.4.1 - GNU GPL License (NO WARRANTY) - See COPYRIGHT file
Cobertura: Loaded information on 2 classes.
Report time: 224ms

[INFO] Cobertura Report generation was successful.
[INFO] Cobertura 1.9.4.1 - GNU GPL License (NO WARRANTY) - See COPYRIGHT file
Cobertura: Loaded information on 2 classes.
Report time: 179ms

[INFO] Cobertura Report generation was successful.
[INFO] 
[8mha:AAAAYB+LCAAAAAAAAABb85aBtbiIQSmjNKU4P0+vJLE4u1gvPjexLDVPzxdEGvvmZ+X75ZekLlOVfvTjc8FPJgaGiiIGKaiG5Py84vycVD1nCA1SyAABjCCFBQCV27OjYAAAAA==[0m[INFO] --- maven-checkstyle-plugin:2.10:checkstyle (default-cli) @ gameoflife-web ---
[INFO] 
[INFO] There are 29 checkstyle errors.
[INFO] 
[8mha:AAAAYB+LCAAAAAAAAABb85aBtbiIQSmjNKU4P0+vJLE4u1gvPjexLDVPzxdEGvvmZ+X75ZekLlOVfvTjc8FPJgaGiiIGKaiG5Py84vycVD1nCA1SyAABjCCFBQCV27OjYAAAAA==[0m[INFO] --- findbugs-maven-plugin:2.5.2:findbugs (default-cli) @ gameoflife-web ---
[INFO] Fork Value is true
[INFO] Done FindBugs Analysis....
[INFO]                                                                         
[INFO] ------------------------------------------------------------------------
[INFO] Building gameoflife-cli 0.9.65-SNAPSHOT
[INFO] ------------------------------------------------------------------------
[INFO] 
[8mha:AAAAYB+LCAAAAAAAAABb85aBtbiIQSmjNKU4P0+vJLE4u1gvPjexLDVPzxdEGvvmZ+X75ZekLlOVfvTjc8FPJgaGiiIGKaiG5Py84vycVD1nCA1SyAABjCCFBQCV27OjYAAAAA==[0m[INFO] --- maven-clean-plugin:2.4.1:clean (default-clean) @ gameoflife-cli ---
[INFO] Deleting /home/timoxino/Development/github/Chronology/misc/twitter/work/workspace/Test1/gameoflife-cli/target
[INFO] 
[8mha:AAAAYB+LCAAAAAAAAABb85aBtbiIQSmjNKU4P0+vJLE4u1gvPjexLDVPzxdEGvvmZ+X75ZekLlOVfvTjc8FPJgaGiiIGKaiG5Py84vycVD1nCA1SyAABjCCFBQCV27OjYAAAAA==[0m[INFO] --- maven-resources-plugin:2.5:resources (default-resources) @ gameoflife-cli ---
[debug] execute contextualize
[INFO] Using 'UTF-8' encoding to copy filtered resources.
[INFO] skip non existing resourceDirectory /home/timoxino/Development/github/Chronology/misc/twitter/work/workspace/Test1/gameoflife-cli/src/main/resources
[INFO] 
[8mha:AAAAYB+LCAAAAAAAAABb85aBtbiIQSmjNKU4P0+vJLE4u1gvPjexLDVPzxdEGvvmZ+X75ZekLlOVfvTjc8FPJgaGiiIGKaiG5Py84vycVD1nCA1SyAABjCCFBQCV27OjYAAAAA==[0m[INFO] --- maven-compiler-plugin:2.4:compile (default-compile) @ gameoflife-cli ---
[INFO] No sources to compile
[INFO] 
[8mha:AAAAYB+LCAAAAAAAAABb85aBtbiIQSmjNKU4P0+vJLE4u1gvPjexLDVPzxdEGvvmZ+X75ZekLlOVfvTjc8FPJgaGiiIGKaiG5Py84vycVD1nCA1SyAABjCCFBQCV27OjYAAAAA==[0m[INFO] --- maven-resources-plugin:2.5:testResources (default-testResources) @ gameoflife-cli ---
[debug] execute contextualize
[INFO] Using 'UTF-8' encoding to copy filtered resources.
[INFO] skip non existing resourceDirectory /home/timoxino/Development/github/Chronology/misc/twitter/work/workspace/Test1/gameoflife-cli/src/test/resources
[INFO] 
[8mha:AAAAYB+LCAAAAAAAAABb85aBtbiIQSmjNKU4P0+vJLE4u1gvPjexLDVPzxdEGvvmZ+X75ZekLlOVfvTjc8FPJgaGiiIGKaiG5Py84vycVD1nCA1SyAABjCCFBQCV27OjYAAAAA==[0m[INFO] --- maven-compiler-plugin:2.4:testCompile (default-testCompile) @ gameoflife-cli ---
[INFO] No sources to compile
[INFO] 
[8mha:AAAAYB+LCAAAAAAAAABb85aBtbiIQSmjNKU4P0+vJLE4u1gvPjexLDVPzxdEGvvmZ+X75ZekLlOVfvTjc8FPJgaGiiIGKaiG5Py84vycVD1nCA1SyAABjCCFBQCV27OjYAAAAA==[0m[INFO] --- maven-surefire-plugin:2.10:test (default-test) @ gameoflife-cli ---
[INFO] No tests to run.
[INFO] Surefire report directory: /home/timoxino/Development/github/Chronology/misc/twitter/work/workspace/Test1/gameoflife-cli/target/surefire-reports

-------------------------------------------------------
 T E S T S
-------------------------------------------------------
Concurrency config is parallel='classes', perCoreThreadCount=true, threadCount=4, useUnlimitedThreads=false

Results :

Tests run: 0, Failures: 0, Errors: 0, Skipped: 0

[INFO] 
[8mha:AAAAYB+LCAAAAAAAAABb85aBtbiIQSmjNKU4P0+vJLE4u1gvPjexLDVPzxdEGvvmZ+X75ZekLlOVfvTjc8FPJgaGiiIGKaiG5Py84vycVD1nCA1SyAABjCCFBQCV27OjYAAAAA==[0m[INFO] --- maven-jar-plugin:2.3.2:jar (default-jar) @ gameoflife-cli ---
[8mha:AAAAYx+LCAAAAAAAAABb85aBtbiIQSWjNKU4P0+vJLE4u1gvPjexLDVPzxdEhicW5WXmpfvll6S2fNly5fzGzauYGBgqihikoFqS8/OK83NS9ZwhNEghAwQwghQWAACwxA+XYgAAAA==[0m[WARNING] JAR will be empty - no content was marked for inclusion!
[INFO] Building jar: /home/timoxino/Development/github/Chronology/misc/twitter/work/workspace/Test1/gameoflife-cli/target/gameoflife-cli-0.9.65-SNAPSHOT.jar
[INFO] 
[INFO] >>> cobertura-maven-plugin:2.5.2:cobertura (default-cli) @ gameoflife-cli >>>
[INFO] 
[8mha:AAAAYB+LCAAAAAAAAABb85aBtbiIQSmjNKU4P0+vJLE4u1gvPjexLDVPzxdEGvvmZ+X75ZekLlOVfvTjc8FPJgaGiiIGKaiG5Py84vycVD1nCA1SyAABjCCFBQCV27OjYAAAAA==[0m[INFO] --- maven-resources-plugin:2.5:resources (default-resources) @ gameoflife-cli ---
[debug] execute contextualize
[INFO] Using 'UTF-8' encoding to copy filtered resources.
[INFO] skip non existing resourceDirectory /home/timoxino/Development/github/Chronology/misc/twitter/work/workspace/Test1/gameoflife-cli/src/main/resources
[INFO] 
[8mha:AAAAYB+LCAAAAAAAAABb85aBtbiIQSmjNKU4P0+vJLE4u1gvPjexLDVPzxdEGvvmZ+X75ZekLlOVfvTjc8FPJgaGiiIGKaiG5Py84vycVD1nCA1SyAABjCCFBQCV27OjYAAAAA==[0m[INFO] --- maven-compiler-plugin:2.4:compile (default-compile) @ gameoflife-cli ---
[INFO] No sources to compile
[INFO] 
[8mha:AAAAYB+LCAAAAAAAAABb85aBtbiIQSmjNKU4P0+vJLE4u1gvPjexLDVPzxdEGvvmZ+X75ZekLlOVfvTjc8FPJgaGiiIGKaiG5Py84vycVD1nCA1SyAABjCCFBQCV27OjYAAAAA==[0m[INFO] --- cobertura-maven-plugin:2.5.2:instrument (default-cli) @ gameoflife-cli ---
[8mha:AAAAYx+LCAAAAAAAAABb85aBtbiIQSWjNKU4P0+vJLE4u1gvPjexLDVPzxdEhicW5WXmpfvll6S2fNly5fzGzauYGBgqihikoFqS8/OK83NS9ZwhNEghAwQwghQWAACwxA+XYgAAAA==[0m[WARNING] No files to instrument.
[INFO] NOT adding cobertura ser file to attached artifacts list.
[INFO] 
[8mha:AAAAYB+LCAAAAAAAAABb85aBtbiIQSmjNKU4P0+vJLE4u1gvPjexLDVPzxdEGvvmZ+X75ZekLlOVfvTjc8FPJgaGiiIGKaiG5Py84vycVD1nCA1SyAABjCCFBQCV27OjYAAAAA==[0m[INFO] --- maven-resources-plugin:2.5:testResources (default-testResources) @ gameoflife-cli ---
[debug] execute contextualize
[INFO] Using 'UTF-8' encoding to copy filtered resources.
[INFO] skip non existing resourceDirectory /home/timoxino/Development/github/Chronology/misc/twitter/work/workspace/Test1/gameoflife-cli/src/test/resources
[INFO] 
[8mha:AAAAYB+LCAAAAAAAAABb85aBtbiIQSmjNKU4P0+vJLE4u1gvPjexLDVPzxdEGvvmZ+X75ZekLlOVfvTjc8FPJgaGiiIGKaiG5Py84vycVD1nCA1SyAABjCCFBQCV27OjYAAAAA==[0m[INFO] --- maven-compiler-plugin:2.4:testCompile (default-testCompile) @ gameoflife-cli ---
[INFO] No sources to compile
[INFO] 
[8mha:AAAAYB+LCAAAAAAAAABb85aBtbiIQSmjNKU4P0+vJLE4u1gvPjexLDVPzxdEGvvmZ+X75ZekLlOVfvTjc8FPJgaGiiIGKaiG5Py84vycVD1nCA1SyAABjCCFBQCV27OjYAAAAA==[0m[INFO] --- maven-surefire-plugin:2.10:test (default-test) @ gameoflife-cli ---
[INFO] No tests to run.
[INFO] Surefire report directory: /home/timoxino/Development/github/Chronology/misc/twitter/work/workspace/Test1/gameoflife-cli/target/surefire-reports

-------------------------------------------------------
 T E S T S
-------------------------------------------------------
Concurrency config is parallel='classes', perCoreThreadCount=true, threadCount=4, useUnlimitedThreads=false

Results :

Tests run: 0, Failures: 0, Errors: 0, Skipped: 0

[INFO] 
[INFO] <<< cobertura-maven-plugin:2.5.2:cobertura (default-cli) @ gameoflife-cli <<<
[INFO] 
[8mha:AAAAYB+LCAAAAAAAAABb85aBtbiIQSmjNKU4P0+vJLE4u1gvPjexLDVPzxdEGvvmZ+X75ZekLlOVfvTjc8FPJgaGiiIGKaiG5Py84vycVD1nCA1SyAABjCCFBQCV27OjYAAAAA==[0m[INFO] --- cobertura-maven-plugin:2.5.2:cobertura (default-cli) @ gameoflife-cli ---
[INFO] 
[8mha:AAAAYB+LCAAAAAAAAABb85aBtbiIQSmjNKU4P0+vJLE4u1gvPjexLDVPzxdEGvvmZ+X75ZekLlOVfvTjc8FPJgaGiiIGKaiG5Py84vycVD1nCA1SyAABjCCFBQCV27OjYAAAAA==[0m[INFO] --- maven-checkstyle-plugin:2.10:checkstyle (default-cli) @ gameoflife-cli ---
[INFO] 
[8mha:AAAAYB+LCAAAAAAAAABb85aBtbiIQSmjNKU4P0+vJLE4u1gvPjexLDVPzxdEGvvmZ+X75ZekLlOVfvTjc8FPJgaGiiIGKaiG5Py84vycVD1nCA1SyAABjCCFBQCV27OjYAAAAA==[0m[INFO] --- findbugs-maven-plugin:2.5.2:findbugs (default-cli) @ gameoflife-cli ---
[INFO] ------------------------------------------------------------------------
[INFO] Reactor Summary:
[INFO] 
[INFO] gameoflife ........................................ SUCCESS [9.544s]
[INFO] gameoflife-build .................................. SUCCESS [4.363s]
[INFO] gameoflife-core ................................... SUCCESS [36.501s]
[INFO] gameoflife-webservice ............................. SUCCESS [2.894s]
[INFO] gameoflife-web .................................... SUCCESS [26.880s]
[INFO] gameoflife-cli .................................... SUCCESS [1.346s]
[INFO] ------------------------------------------------------------------------
[INFO] BUILD SUCCESS
[INFO] ------------------------------------------------------------------------
[INFO] Total time: 1:24.485s
[INFO] Finished at: Mon Jun 24 12:31:19 EET 2013
[INFO] Final Memory: 35M/259M
[INFO] ------------------------------------------------------------------------
Archiving artifacts
[Cobertura] Publishing Cobertura coverage report...
Publishing Cobertura coverage results...
Cobertura coverage report found.
Recording test results
Finished: SUCCESS
